<?xml version="1.0" encoding="UTF-8"?>
<!-- Generated by org.testng.reporters.JUnitReportReporter -->
<testsuite hostname="DESKTOP-KE9DMGL" failures="0" tests="3" name="com.runner.SalixPharmaceuticalsFirefox" time="0.000" errors="0" timestamp="2024-11-26T16:15:13 IST" skipped="3">
  <testcase classname="com.runner.SalixPharmaceuticalsFirefox" name="validLoginTest" time="0.000">
    <skipped/>
  </testcase> <!-- validLoginTest -->
  <system-out/>
  <testcase classname="com.runner.SalixPharmaceuticalsFirefox" name="creatingAnEngagementTest" time="0.000">
    <skipped/>
  </testcase> <!-- creatingAnEngagementTest -->
  <system-out/>
  <testcase classname="com.runner.SalixPharmaceuticalsFirefox" name="selectingSpeakerTest" time="0.000">
    <skipped/>
  </testcase> <!-- selectingSpeakerTest -->
  <system-out/>
</testsuite> <!-- com.runner.SalixPharmaceuticalsFirefox -->
